<?xml version="1.0" encoding="UTF-8"?>
<!-- Generated by org.testng.reporters.JUnitXMLReporter -->
<testsuite hostname="HW0977" name="Running Interaction On Chrome" tests="5" failures="0" timestamp="4 Dec 2014 11:34:44 GMT" time="213.605" errors="0">
  <testcase name="InteractionDefaultValue_TestMobile" time="27.304" classname="com.demo.scripts.InteractionDefaultValue_TestMobile"/>
  <testcase name="InteractionValidationMsgs_TestMobile" time="30.676" classname="com.demo.scripts.InteractionValidationMsgs_TestMobile"/>
  <testcase name="InteractionFormatting_TestMobile" time="25.39" classname="com.demo.scripts.InteractionFormatting_TestMobile"/>
  <testcase name="InteractionReferenceValue_TestMobile" time="27.084" classname="com.demo.scripts.InteractionReferenceValue_TestMobile"/>
  <testcase name="InteractionLanguage_TestMobile" time="55.131" classname="com.demo.scripts.InteractionLanguage_TestMobile"/>
</testsuite> <!-- Running Interaction On Chrome -->
