<?xml version="1.0" encoding="UTF-8"?>
<!-- Generated by org.testng.reporters.JUnitXMLReporter -->
<testsuite hostname="HW0977" name="Running Interaction On IE" tests="5" failures="0" timestamp="4 Dec 2014 11:35:35 GMT" time="265.247" errors="0">
  <testcase name="InteractionValidationMsgs_TestMobile" time="32.937" classname="com.demo.scripts.InteractionValidationMsgs_TestMobile"/>
  <testcase name="InteractionFormatting_TestMobile" time="29.657" classname="com.demo.scripts.InteractionFormatting_TestMobile"/>
  <testcase name="InteractionReferenceValue_TestMobile" time="31.417" classname="com.demo.scripts.InteractionReferenceValue_TestMobile"/>
  <testcase name="InteractionLanguage_TestMobile" time="61.769" classname="com.demo.scripts.InteractionLanguage_TestMobile"/>
  <testcase name="InteractionDefaultValue_TestMobile" time="70.2" classname="com.demo.scripts.InteractionDefaultValue_TestMobile"/>
</testsuite> <!-- Running Interaction On IE -->
