<?xml version="1.0" encoding="UTF-8"?>
<!-- Generated by org.testng.reporters.JUnitXMLReporter -->
<testsuite hostname="HW0977" name="Firefox execution" tests="2" failures="0" timestamp="10 Dec 2014 12:31:39 GMT" time="362.924" errors="0">
  <testcase name="InteractionDefaultValue_MobileTest" time="230.869" classname="com.demo.scripts.InteractionDefaultValue_MobileTest"/>
  <testcase name="InteractionDefaultValue_Test" time="28.0" classname="com.demo.scripts.InteractionDefaultValue_Test"/>
</testsuite> <!-- Firefox execution -->
