<?xml version="1.0" encoding="UTF-8"?>
<!-- Generated by org.testng.reporters.JUnitXMLReporter -->
<testsuite hostname="HW0977" name="IE execution" tests="2" failures="0" timestamp="10 Dec 2014 12:25:36 GMT" time="126.118" errors="0">
  <testcase name="InteractionDefaultValue_MobileTest" time="69.337" classname="com.demo.scripts.InteractionDefaultValue_MobileTest"/>
  <testcase name="InteractionDefaultValue_Test" time="40.355" classname="com.demo.scripts.InteractionDefaultValue_Test"/>
</testsuite> <!-- IE execution -->
