<?xml version="1.0" encoding="UTF-8"?>
<!-- Generated by org.testng.reporters.JUnitXMLReporter -->
<testsuite hostname="HW1014" name="Running scripts On Firefox for Web" tests="7" failures="0" timestamp="8 Jan 2015 12:44:27 GMT" time="254.208" errors="0">
  <testcase name="DefaultValue_Test" time="10.417" classname="com.jacada.testScripts.sanity.DefaultValueTest"/>
  <testcase name="Formatting_Test" time="17.573" classname="com.jacada.testScripts.sanity.FormattingTest"/>
  <testcase name="FullFlow_Test" time="19.445" classname="com.jacada.testScripts.sanity.FullFlowTest"/>
  <testcase name="ReferenceValue_Test" time="18.798" classname="com.jacada.testScripts.sanity.ReferenceValueTest"/>
  <testcase name="publish_Test" time="2.993" classname="com.jacada.testScripts.sanity.SampleTest1"/>
  <testcase name="SwitchLanguage_Test" time="65.495" classname="com.jacada.testScripts.sanity.SwitchLanguageTest"/>
  <testcase name="Validation_Test" time="41.446" classname="com.jacada.testScripts.sanity.ValidationTest"/>
</testsuite> <!-- Running scripts On Firefox for Web -->
