<?xml version="1.0" encoding="UTF-8"?>
<!-- Generated by org.testng.reporters.JUnitXMLReporter -->
<testsuite hostname="HW0977" name="Running scripts On IE10" tests="10" failures="0" timestamp="17 Dec 2014 09:41:01 GMT" time="1324.627" errors="0">
  <testcase name="InteractionDefaultValue_Test" time="84.551" classname="com.demo.scripts.InteractionDefaultValue_Test"/>
  <testcase name="InteractionFormatting_MobileTest" time="84.378" classname="com.demo.scripts.InteractionFormatting_MobileTest"/>
  <testcase name="InteractionFormatting_Test" time="106.742" classname="com.demo.scripts.InteractionFormatting_Test"/>
  <testcase name="InteractionLanguage_MobileTest" time="128.337" classname="com.demo.scripts.InteractionLanguage_MobileTest"/>
  <testcase name="InteractionLanguage_Test" time="129.727" classname="com.demo.scripts.InteractionLanguage_Test"/>
  <testcase name="InteractionReferenceValue_MobileTest" time="103.255" classname="com.demo.scripts.InteractionReferenceValue_MobileTest"/>
  <testcase name="InteractionReferenceValue_Test" time="111.158" classname="com.demo.scripts.InteractionReferenceValue_Test"/>
  <testcase name="InteractionValidationMsgs_MobileTest" time="139.335" classname="com.demo.scripts.InteractionValidationMsgs_MobileTest"/>
  <testcase name="InteractionValidationMsgs_Test" time="186.625" classname="com.demo.scripts.InteractionValidationMsgs_Test"/>
  <testcase name="InteractionFullFlow_Test" time="71.44" classname="com.demo.scripts.InteractionFullFlow_Test"/>
</testsuite> <!-- Running scripts On IE10 -->
