<?xml version="1.0" encoding="UTF-8"?>
<!-- Generated by org.testng.reporters.JUnitXMLReporter -->
<testsuite hostname="HW0977" name="Running scripts On Android" tests="3" failures="0" timestamp="30 Dec 2014 10:57:03 GMT" time="58.074" errors="0">
  <testcase name="POC1_TestLanguage" time="16.568" classname="com.jacada.testScripts.POC1Language_Test"/>
  <testcase name="POC2_DefaultValue" time="7.338" classname="com.jacada.testScripts.POC2DefaultValue_Test"/>
  <testcase name="POC6_FullFlow" time="8.774" classname="com.jacada.testScripts.POC6FullFlow_Test"/>
</testsuite> <!-- Running scripts On Android -->
