<?xml version="1.0" encoding="UTF-8"?>
<!-- Generated by org.testng.reporters.JUnitXMLReporter -->
<testsuite hostname="HW1014" name="Running scripts On IOS6 for Mobile" tests="3" failures="0" timestamp="8 Jan 2015 14:19:22 GMT" time="215.223" errors="0">
  <testcase name="DefaultValue_Test" time="14.941" classname="com.jacada.testScripts.sanity.DefaultValueTest"/>
  <testcase name="ReferenceValue_Test" time="32.659" classname="com.jacada.testScripts.sanity.ReferenceValueTest"/>
  <testcase name="Validation_Test" time="73.811" classname="com.jacada.testScripts.sanity.ValidationTest"/>
</testsuite> <!-- Running scripts On IOS6 for Mobile -->
