<?xml version="1.0" encoding="UTF-8"?>
<!-- Generated by org.testng.reporters.JUnitXMLReporter -->
<testsuite hostname="HW1014" name="Running scripts On Chrome for Mobile" tests="7" failures="0" timestamp="8 Jan 2015 12:48:26 GMT" time="238.919" errors="0">
  <testcase name="DefaultValue_Test" time="11.229" classname="com.jacada.testScripts.sanity.DefaultValueTest"/>
  <testcase name="Formatting_Test" time="15.872" classname="com.jacada.testScripts.sanity.FormattingTest"/>
  <testcase name="FullFlow_Test" time="17.319" classname="com.jacada.testScripts.sanity.FullFlowTest"/>
  <testcase name="ReferenceValue_Test" time="20.114" classname="com.jacada.testScripts.sanity.ReferenceValueTest"/>
  <testcase name="publish_Test" time="2.895" classname="com.jacada.testScripts.sanity.SampleTest1"/>
  <testcase name="SwitchLanguage_Test" time="62.139" classname="com.jacada.testScripts.sanity.SwitchLanguageTest"/>
  <testcase name="Validation_Test" time="43.711" classname="com.jacada.testScripts.sanity.ValidationTest"/>
</testsuite> <!-- Running scripts On Chrome for Mobile -->
