<?xml version="1.0" encoding="UTF-8"?>
<!-- Generated by org.testng.reporters.JUnitXMLReporter -->
<testsuite hostname="SBESHARA-DESK" name="Running scripts On Firefox for Mobile" tests="6" failures="0" timestamp="12 Jan 2015 16:18:49 GMT" time="258.945" errors="0">
  <testcase name="DefaultValue_Test" time="17.46" classname="com.jacada.testScripts.sanity.DefaultValueTest"/>
  <testcase name="Formatting_Test" time="32.296" classname="com.jacada.testScripts.sanity.FormattingTest"/>
  <testcase name="FullFlow_Test" time="22.469" classname="com.jacada.testScripts.sanity.FullFlowTest"/>
  <testcase name="ReferenceValue_Test" time="21.758" classname="com.jacada.testScripts.sanity.ReferenceValueTest"/>
  <testcase name="SwitchLanguage_Test" time="25.043" classname="com.jacada.testScripts.sanity.SwitchLanguageTest"/>
  <testcase name="Validation_Test" time="65.782" classname="com.jacada.testScripts.sanity.ValidationTest"/>
</testsuite> <!-- Running scripts On Firefox for Mobile -->
