<?xml version="1.0" encoding="UTF-8"?>
<!-- Generated by org.testng.reporters.JUnitXMLReporter -->
<testsuite hostname="HW1014" name="Running scripts On Samsung S4 for Mobile" tests="3" failures="0" timestamp="8 Jan 2015 14:21:32 GMT" time="345.089" errors="0">
  <testcase name="DefaultValue_Test" time="17.421" classname="com.jacada.testScripts.sanity.DefaultValueTest"/>
  <testcase name="ReferenceValue_Test" time="34.774" classname="com.jacada.testScripts.sanity.ReferenceValueTest"/>
  <testcase name="Validation_Test" time="78.335" classname="com.jacada.testScripts.sanity.ValidationTest"/>
</testsuite> <!-- Running scripts On Samsung S4 for Mobile -->
