<?xml version="1.0" encoding="UTF-8"?>
<!-- Generated by org.testng.reporters.JUnitXMLReporter -->
<testsuite hostname="HW0977" name="Running scripts On IE8" tests="10" failures="0" timestamp="17 Dec 2014 09:20:22 GMT" time="85.755" errors="0">
  <testcase name="@BeforeClass first" time="0.0" classname="com.demo.scripts.InteractionFormatting_MobileTest">
    <failure type="org.openqa.selenium.WebDriverException" message="3 sessions are currently being used. Please upgrade to add more parallel sessions. (WARNING: The server did not provide any stacktrace information)
Command duration or timeout: 1.74 seconds
Build info: version: &amp;apos;2.43.1&amp;apos;, revision: &amp;apos;5163bceef1bc36d43f3dc0b83c88998168a363a0&amp;apos;, time: &amp;apos;2014-09-10 09:43:55&amp;apos;
System info: host: &amp;apos;HW0977&amp;apos;, ip: &amp;apos;10.10.99.55&amp;apos;, os.name: &amp;apos;Windows 7&amp;apos;, os.arch: &amp;apos;amd64&amp;apos;, os.version: &amp;apos;6.1&amp;apos;, java.version: &amp;apos;1.8.0_25&amp;apos;
Driver info: org.openqa.selenium.remote.RemoteWebDriver">
      <![CDATA[org.openqa.selenium.WebDriverException: 3 sessions are currently being used. Please upgrade to add more parallel sessions. (WARNING: The server did not provide any stacktrace information)
Command duration or timeout: 1.74 seconds
Build info: version: '2.43.1', revision: '5163bceef1bc36d43f3dc0b83c88998168a363a0', time: '2014-09-10 09:43:55'
System info: host: 'HW0977', ip: '10.10.99.55', os.name: 'Windows 7', os.arch: 'amd64', os.version: '6.1', java.version: '1.8.0_25'
Driver info: org.openqa.selenium.remote.RemoteWebDriver
	at org.openqa.selenium.remote.ErrorHandler.createThrowable(ErrorHandler.java:204)
	at org.openqa.selenium.remote.ErrorHandler.throwIfResponseFailed(ErrorHandler.java:156)
	at org.openqa.selenium.remote.RemoteWebDriver.execute(RemoteWebDriver.java:599)
	at org.openqa.selenium.remote.RemoteWebDriver.startSession(RemoteWebDriver.java:240)
	at org.openqa.selenium.remote.RemoteWebDriver.<init>(RemoteWebDriver.java:126)
	at org.openqa.selenium.remote.RemoteWebDriver.<init>(RemoteWebDriver.java:153)
	at com.gallop.accelerators.TestEngine.first(TestEngine.java:161)
	at java.util.concurrent.FutureTask.run(Unknown Source)
	at java.util.concurrent.ThreadPoolExecutor.runWorker(Unknown Source)
	at java.util.concurrent.ThreadPoolExecutor$Worker.run(Unknown Source)
	at java.lang.Thread.run(Unknown Source)
... Removed 20 stack frames]]>
    </failure>
  </testcase> <!-- @BeforeClass first -->
  <testcase name="@BeforeMethod reportHeader" time="0.0" classname="com.demo.scripts.InteractionFormatting_MobileTest">
    <skipped/>
  </testcase> <!-- @BeforeMethod reportHeader -->
  <testcase name="@AfterClass close" time="0.0" classname="com.demo.scripts.InteractionFormatting_MobileTest">
    <failure type="java.lang.NullPointerException">
      <![CDATA[java.lang.NullPointerException
	at com.gallop.accelerators.TestEngine.close(TestEngine.java:386)
	at java.util.concurrent.FutureTask.run(Unknown Source)
	at java.util.concurrent.ThreadPoolExecutor.runWorker(Unknown Source)
	at java.util.concurrent.ThreadPoolExecutor$Worker.run(Unknown Source)
	at java.lang.Thread.run(Unknown Source)
... Removed 16 stack frames]]>
    </failure>
  </testcase> <!-- @AfterClass close -->
  <testcase name="@BeforeClass first" time="0.0" classname="com.demo.scripts.InteractionFormatting_Test">
    <skipped/>
  </testcase> <!-- @BeforeClass first -->
  <testcase name="@BeforeMethod reportHeader" time="0.0" classname="com.demo.scripts.InteractionFormatting_Test">
    <skipped/>
  </testcase> <!-- @BeforeMethod reportHeader -->
  <testcase name="@AfterClass close" time="0.0" classname="com.demo.scripts.InteractionFormatting_Test">
    <failure type="java.lang.NullPointerException">
      <![CDATA[java.lang.NullPointerException
	at com.gallop.accelerators.TestEngine.close(TestEngine.java:386)
	at java.util.concurrent.FutureTask.run(Unknown Source)
	at java.util.concurrent.ThreadPoolExecutor.runWorker(Unknown Source)
	at java.util.concurrent.ThreadPoolExecutor$Worker.run(Unknown Source)
	at java.lang.Thread.run(Unknown Source)
... Removed 16 stack frames]]>
    </failure>
  </testcase> <!-- @AfterClass close -->
  <testcase name="@BeforeClass first" time="0.0" classname="com.demo.scripts.InteractionLanguage_MobileTest">
    <skipped/>
  </testcase> <!-- @BeforeClass first -->
  <testcase name="@BeforeMethod reportHeader" time="0.0" classname="com.demo.scripts.InteractionLanguage_MobileTest">
    <skipped/>
  </testcase> <!-- @BeforeMethod reportHeader -->
  <testcase name="@AfterClass close" time="0.0" classname="com.demo.scripts.InteractionLanguage_MobileTest">
    <failure type="java.lang.NullPointerException">
      <![CDATA[java.lang.NullPointerException
	at com.gallop.accelerators.TestEngine.close(TestEngine.java:386)
	at java.util.concurrent.FutureTask.run(Unknown Source)
	at java.util.concurrent.ThreadPoolExecutor.runWorker(Unknown Source)
	at java.util.concurrent.ThreadPoolExecutor$Worker.run(Unknown Source)
	at java.lang.Thread.run(Unknown Source)
... Removed 16 stack frames]]>
    </failure>
  </testcase> <!-- @AfterClass close -->
  <testcase name="@BeforeClass first" time="0.0" classname="com.demo.scripts.InteractionLanguage_Test">
    <skipped/>
  </testcase> <!-- @BeforeClass first -->
  <testcase name="@BeforeMethod reportHeader" time="0.0" classname="com.demo.scripts.InteractionLanguage_Test">
    <skipped/>
  </testcase> <!-- @BeforeMethod reportHeader -->
  <testcase name="@AfterClass close" time="0.0" classname="com.demo.scripts.InteractionLanguage_Test">
    <failure type="java.lang.NullPointerException">
      <![CDATA[java.lang.NullPointerException
	at com.gallop.accelerators.TestEngine.close(TestEngine.java:386)
	at java.util.concurrent.FutureTask.run(Unknown Source)
	at java.util.concurrent.ThreadPoolExecutor.runWorker(Unknown Source)
	at java.util.concurrent.ThreadPoolExecutor$Worker.run(Unknown Source)
	at java.lang.Thread.run(Unknown Source)
... Removed 16 stack frames]]>
    </failure>
  </testcase> <!-- @AfterClass close -->
  <testcase name="@BeforeClass first" time="0.0" classname="com.demo.scripts.InteractionReferenceValue_MobileTest">
    <skipped/>
  </testcase> <!-- @BeforeClass first -->
  <testcase name="@BeforeMethod reportHeader" time="0.0" classname="com.demo.scripts.InteractionReferenceValue_MobileTest">
    <skipped/>
  </testcase> <!-- @BeforeMethod reportHeader -->
  <testcase name="@AfterClass close" time="0.0" classname="com.demo.scripts.InteractionReferenceValue_MobileTest">
    <failure type="java.lang.NullPointerException">
      <![CDATA[java.lang.NullPointerException
	at com.gallop.accelerators.TestEngine.close(TestEngine.java:386)
	at java.util.concurrent.FutureTask.run(Unknown Source)
	at java.util.concurrent.ThreadPoolExecutor.runWorker(Unknown Source)
	at java.util.concurrent.ThreadPoolExecutor$Worker.run(Unknown Source)
	at java.lang.Thread.run(Unknown Source)
... Removed 16 stack frames]]>
    </failure>
  </testcase> <!-- @AfterClass close -->
  <testcase name="@BeforeClass first" time="0.0" classname="com.demo.scripts.InteractionReferenceValue_Test">
    <skipped/>
  </testcase> <!-- @BeforeClass first -->
  <testcase name="@BeforeMethod reportHeader" time="0.0" classname="com.demo.scripts.InteractionReferenceValue_Test">
    <skipped/>
  </testcase> <!-- @BeforeMethod reportHeader -->
  <testcase name="@AfterClass close" time="0.0" classname="com.demo.scripts.InteractionReferenceValue_Test">
    <failure type="java.lang.NullPointerException">
      <![CDATA[java.lang.NullPointerException
	at com.gallop.accelerators.TestEngine.close(TestEngine.java:386)
	at java.util.concurrent.FutureTask.run(Unknown Source)
	at java.util.concurrent.ThreadPoolExecutor.runWorker(Unknown Source)
	at java.util.concurrent.ThreadPoolExecutor$Worker.run(Unknown Source)
	at java.lang.Thread.run(Unknown Source)
... Removed 15 stack frames]]>
    </failure>
  </testcase> <!-- @AfterClass close -->
  <testcase name="@BeforeClass first" time="0.0" classname="com.demo.scripts.InteractionValidationMsgs_MobileTest">
    <skipped/>
  </testcase> <!-- @BeforeClass first -->
  <testcase name="@BeforeMethod reportHeader" time="0.0" classname="com.demo.scripts.InteractionValidationMsgs_MobileTest">
    <skipped/>
  </testcase> <!-- @BeforeMethod reportHeader -->
  <testcase name="@AfterClass close" time="0.0" classname="com.demo.scripts.InteractionValidationMsgs_MobileTest">
    <failure type="java.lang.NullPointerException">
      <![CDATA[java.lang.NullPointerException
	at com.gallop.accelerators.TestEngine.close(TestEngine.java:386)
	at java.util.concurrent.FutureTask.run(Unknown Source)
	at java.util.concurrent.ThreadPoolExecutor.runWorker(Unknown Source)
	at java.util.concurrent.ThreadPoolExecutor$Worker.run(Unknown Source)
	at java.lang.Thread.run(Unknown Source)
... Removed 15 stack frames]]>
    </failure>
  </testcase> <!-- @AfterClass close -->
  <testcase name="@BeforeClass first" time="0.0" classname="com.demo.scripts.InteractionValidationMsgs_Test">
    <skipped/>
  </testcase> <!-- @BeforeClass first -->
  <testcase name="@BeforeMethod reportHeader" time="0.0" classname="com.demo.scripts.InteractionValidationMsgs_Test">
    <skipped/>
  </testcase> <!-- @BeforeMethod reportHeader -->
  <testcase name="@AfterClass close" time="0.0" classname="com.demo.scripts.InteractionValidationMsgs_Test">
    <failure type="java.lang.NullPointerException">
      <![CDATA[java.lang.NullPointerException
	at com.gallop.accelerators.TestEngine.close(TestEngine.java:386)
	at java.util.concurrent.FutureTask.run(Unknown Source)
	at java.util.concurrent.ThreadPoolExecutor.runWorker(Unknown Source)
	at java.util.concurrent.ThreadPoolExecutor$Worker.run(Unknown Source)
	at java.lang.Thread.run(Unknown Source)
... Removed 15 stack frames]]>
    </failure>
  </testcase> <!-- @AfterClass close -->
  <testcase name="@BeforeClass first" time="0.0" classname="com.demo.scripts.InteractionFullFlow_Test">
    <skipped/>
  </testcase> <!-- @BeforeClass first -->
  <testcase name="@BeforeMethod reportHeader" time="0.0" classname="com.demo.scripts.InteractionFullFlow_Test">
    <skipped/>
  </testcase> <!-- @BeforeMethod reportHeader -->
  <testcase name="@AfterClass close" time="0.0" classname="com.demo.scripts.InteractionFullFlow_Test">
    <failure type="java.lang.NullPointerException">
      <![CDATA[java.lang.NullPointerException
	at com.gallop.accelerators.TestEngine.close(TestEngine.java:386)
	at java.util.concurrent.FutureTask.run(Unknown Source)
	at java.util.concurrent.ThreadPoolExecutor.runWorker(Unknown Source)
	at java.util.concurrent.ThreadPoolExecutor$Worker.run(Unknown Source)
	at java.lang.Thread.run(Unknown Source)
... Removed 15 stack frames]]>
    </failure>
  </testcase> <!-- @AfterClass close -->
  <testcase name="InteractionDefaultValue_Test" time="66.608" classname="com.demo.scripts.InteractionDefaultValue_Test"/>
  <testcase name="InteractionFormatting_MobileTest" time="0.001" classname="com.demo.scripts.InteractionFormatting_MobileTest">
    <skipped/>
  </testcase> <!-- InteractionFormatting_MobileTest -->
  <testcase name="InteractionFormatting_Test" time="0.001" classname="com.demo.scripts.InteractionFormatting_Test">
    <skipped/>
  </testcase> <!-- InteractionFormatting_Test -->
  <testcase name="InteractionLanguage_MobileTest" time="0.0" classname="com.demo.scripts.InteractionLanguage_MobileTest">
    <skipped/>
  </testcase> <!-- InteractionLanguage_MobileTest -->
  <testcase name="InteractionLanguage_Test" time="0.001" classname="com.demo.scripts.InteractionLanguage_Test">
    <skipped/>
  </testcase> <!-- InteractionLanguage_Test -->
  <testcase name="InteractionReferenceValue_MobileTest" time="0.0" classname="com.demo.scripts.InteractionReferenceValue_MobileTest">
    <skipped/>
  </testcase> <!-- InteractionReferenceValue_MobileTest -->
  <testcase name="InteractionReferenceValue_Test" time="0.0" classname="com.demo.scripts.InteractionReferenceValue_Test">
    <skipped/>
  </testcase> <!-- InteractionReferenceValue_Test -->
  <testcase name="InteractionValidationMsgs_MobileTest" time="0.0" classname="com.demo.scripts.InteractionValidationMsgs_MobileTest">
    <skipped/>
  </testcase> <!-- InteractionValidationMsgs_MobileTest -->
  <testcase name="InteractionValidationMsgs_Test" time="0.001" classname="com.demo.scripts.InteractionValidationMsgs_Test">
    <skipped/>
  </testcase> <!-- InteractionValidationMsgs_Test -->
  <testcase name="InteractionFullFlow_Test" time="0.0" classname="com.demo.scripts.InteractionFullFlow_Test">
    <skipped/>
  </testcase> <!-- InteractionFullFlow_Test -->
</testsuite> <!-- Running scripts On IE8 -->
